mode: atomic
github.com/bemeek-io/go-traeger/api.go:20.119,21.44 1 30
github.com/bemeek-io/go-traeger/api.go:21.44,23.3 1 0
github.com/bemeek-io/go-traeger/api.go:25.2,26.16 2 30
github.com/bemeek-io/go-traeger/api.go:26.16,28.3 1 0
github.com/bemeek-io/go-traeger/api.go:29.2,35.16 6 30
github.com/bemeek-io/go-traeger/api.go:35.16,37.3 1 0
github.com/bemeek-io/go-traeger/api.go:39.2,39.53 1 30
github.com/bemeek-io/go-traeger/api.go:39.53,46.3 3 6
github.com/bemeek-io/go-traeger/api.go:48.2,48.18 1 24
github.com/bemeek-io/go-traeger/api.go:52.66,54.16 2 5
github.com/bemeek-io/go-traeger/api.go:54.16,56.3 1 2
github.com/bemeek-io/go-traeger/api.go:57.2,60.16 3 3
github.com/bemeek-io/go-traeger/api.go:60.16,62.3 1 0
github.com/bemeek-io/go-traeger/api.go:64.2,65.54 2 3
github.com/bemeek-io/go-traeger/api.go:65.54,67.3 1 1
github.com/bemeek-io/go-traeger/api.go:69.2,69.27 1 2
github.com/bemeek-io/go-traeger/api.go:73.84,76.16 3 16
github.com/bemeek-io/go-traeger/api.go:76.16,78.3 1 0
github.com/bemeek-io/go-traeger/api.go:80.2,81.16 2 16
github.com/bemeek-io/go-traeger/api.go:81.16,83.3 1 1
github.com/bemeek-io/go-traeger/api.go:84.2,85.12 2 15
github.com/bemeek-io/go-traeger/api.go:89.109,93.16 3 6
github.com/bemeek-io/go-traeger/api.go:93.16,95.3 1 2
github.com/bemeek-io/go-traeger/api.go:96.2,99.16 3 4
github.com/bemeek-io/go-traeger/api.go:99.16,101.3 1 0
github.com/bemeek-io/go-traeger/api.go:103.2,104.54 2 4
github.com/bemeek-io/go-traeger/api.go:104.54,106.3 1 1
github.com/bemeek-io/go-traeger/api.go:108.2,109.41 2 3
github.com/bemeek-io/go-traeger/api.go:113.88,115.2 1 1
github.com/bemeek-io/go-traeger/api.go:118.89,120.2 1 1
github.com/bemeek-io/go-traeger/api.go:123.74,125.2 1 1
github.com/bemeek-io/go-traeger/api.go:128.93,130.2 1 1
github.com/bemeek-io/go-traeger/api.go:133.72,135.2 1 1
github.com/bemeek-io/go-traeger/api.go:138.89,139.13 1 2
github.com/bemeek-io/go-traeger/api.go:139.13,141.3 1 1
github.com/bemeek-io/go-traeger/api.go:142.2,142.44 1 1
github.com/bemeek-io/go-traeger/api.go:146.91,147.13 1 2
github.com/bemeek-io/go-traeger/api.go:147.13,149.3 1 1
github.com/bemeek-io/go-traeger/api.go:150.2,150.44 1 1
github.com/bemeek-io/go-traeger/api.go:155.87,157.2 1 1
github.com/bemeek-io/go-traeger/api.go:162.99,168.60 4 4
github.com/bemeek-io/go-traeger/api.go:168.60,170.3 1 0
github.com/bemeek-io/go-traeger/api.go:173.2,175.17 3 4
github.com/bemeek-io/go-traeger/api.go:175.17,176.61 1 1
github.com/bemeek-io/go-traeger/api.go:176.61,178.4 1 1
github.com/bemeek-io/go-traeger/api.go:181.2,186.6 5 4
github.com/bemeek-io/go-traeger/api.go:186.6,187.10 1 6
github.com/bemeek-io/go-traeger/api.go:188.21,189.25 1 1
github.com/bemeek-io/go-traeger/api.go:190.18,191.26 1 2
github.com/bemeek-io/go-traeger/api.go:192.19,196.10 4 3
github.com/bemeek-io/go-traeger/api.go:196.10,198.5 1 1
github.com/bemeek-io/go-traeger/auth.go:16.49,18.2 1 41
github.com/bemeek-io/go-traeger/auth.go:22.58,23.47 1 35
github.com/bemeek-io/go-traeger/auth.go:23.47,25.3 1 30
github.com/bemeek-io/go-traeger/auth.go:27.2,31.16 4 5
github.com/bemeek-io/go-traeger/auth.go:31.16,33.3 1 1
github.com/bemeek-io/go-traeger/auth.go:35.2,38.12 4 4
github.com/bemeek-io/go-traeger/auth.go:42.75,49.16 3 9
github.com/bemeek-io/go-traeger/auth.go:49.16,51.3 1 0
github.com/bemeek-io/go-traeger/auth.go:53.2,54.16 2 9
github.com/bemeek-io/go-traeger/auth.go:54.16,56.3 1 0
github.com/bemeek-io/go-traeger/auth.go:57.2,60.16 3 9
github.com/bemeek-io/go-traeger/auth.go:60.16,62.3 1 0
github.com/bemeek-io/go-traeger/auth.go:63.2,66.16 3 9
github.com/bemeek-io/go-traeger/auth.go:66.16,68.3 1 0
github.com/bemeek-io/go-traeger/auth.go:70.2,70.38 1 9
github.com/bemeek-io/go-traeger/auth.go:70.38,72.3 1 2
github.com/bemeek-io/go-traeger/auth.go:74.2,75.54 2 7
github.com/bemeek-io/go-traeger/auth.go:75.54,77.3 1 1
github.com/bemeek-io/go-traeger/auth.go:79.2,79.26 1 6
github.com/bemeek-io/go-traeger/auth.go:79.26,81.3 1 1
github.com/bemeek-io/go-traeger/auth.go:83.2,83.21 1 5
github.com/bemeek-io/go-traeger/client.go:26.49,26.50 0 21
github.com/bemeek-io/go-traeger/client.go:27.49,27.50 0 8
github.com/bemeek-io/go-traeger/client.go:28.49,28.50 0 3
github.com/bemeek-io/go-traeger/client.go:67.44,68.26 1 34
github.com/bemeek-io/go-traeger/client.go:68.26,70.3 1 34
github.com/bemeek-io/go-traeger/client.go:74.41,75.26 1 1
github.com/bemeek-io/go-traeger/client.go:75.26,77.3 1 1
github.com/bemeek-io/go-traeger/client.go:82.53,83.26 1 1
github.com/bemeek-io/go-traeger/client.go:83.26,85.3 1 1
github.com/bemeek-io/go-traeger/client.go:90.54,91.26 1 1
github.com/bemeek-io/go-traeger/client.go:91.26,93.3 1 1
github.com/bemeek-io/go-traeger/client.go:97.34,98.26 1 4
github.com/bemeek-io/go-traeger/client.go:98.26,100.3 1 4
github.com/bemeek-io/go-traeger/client.go:105.67,119.27 2 59
github.com/bemeek-io/go-traeger/client.go:119.27,121.3 1 41
github.com/bemeek-io/go-traeger/client.go:122.2,122.10 1 59
github.com/bemeek-io/go-traeger/client.go:127.53,129.44 2 3
github.com/bemeek-io/go-traeger/client.go:129.44,131.3 1 1
github.com/bemeek-io/go-traeger/client.go:133.2,135.16 3 2
github.com/bemeek-io/go-traeger/client.go:135.16,137.3 1 1
github.com/bemeek-io/go-traeger/client.go:138.2,144.43 6 1
github.com/bemeek-io/go-traeger/client.go:144.43,146.3 1 1
github.com/bemeek-io/go-traeger/client.go:148.2,148.46 1 0
github.com/bemeek-io/go-traeger/client.go:148.46,150.3 1 0
github.com/bemeek-io/go-traeger/client.go:152.2,160.12 7 0
github.com/bemeek-io/go-traeger/client.go:164.32,166.18 2 5
github.com/bemeek-io/go-traeger/client.go:166.18,169.3 2 1
github.com/bemeek-io/go-traeger/client.go:170.2,172.55 3 4
github.com/bemeek-io/go-traeger/client.go:172.55,174.3 1 0
github.com/bemeek-io/go-traeger/client.go:175.2,177.12 3 4
github.com/bemeek-io/go-traeger/client.go:181.35,187.2 5 3
github.com/bemeek-io/go-traeger/client.go:190.59,193.29 3 2
github.com/bemeek-io/go-traeger/client.go:193.29,194.29 1 3
github.com/bemeek-io/go-traeger/client.go:194.29,196.4 1 1
github.com/bemeek-io/go-traeger/client.go:198.2,198.30 1 1
github.com/bemeek-io/go-traeger/client.go:203.67,208.2 4 6
github.com/bemeek-io/go-traeger/client.go:211.68,215.2 3 3
github.com/bemeek-io/go-traeger/client.go:218.53,222.2 3 3
github.com/bemeek-io/go-traeger/errors.go:28.35,30.2 1 7
github.com/bemeek-io/go-traeger/models.go:29.39,30.11 1 11
github.com/bemeek-io/go-traeger/models.go:31.22,32.20 1 1
github.com/bemeek-io/go-traeger/models.go:33.18,34.16 1 1
github.com/bemeek-io/go-traeger/models.go:35.22,36.20 1 1
github.com/bemeek-io/go-traeger/models.go:37.24,38.22 1 1
github.com/bemeek-io/go-traeger/models.go:39.21,40.19 1 1
github.com/bemeek-io/go-traeger/models.go:41.24,42.23 1 1
github.com/bemeek-io/go-traeger/models.go:43.22,44.21 1 1
github.com/bemeek-io/go-traeger/models.go:45.22,46.20 1 1
github.com/bemeek-io/go-traeger/models.go:47.21,48.19 1 1
github.com/bemeek-io/go-traeger/models.go:49.10,50.39 1 2
github.com/bemeek-io/go-traeger/models.go:106.44,108.34 2 3
github.com/bemeek-io/go-traeger/models.go:108.34,109.44 1 4
github.com/bemeek-io/go-traeger/models.go:109.44,111.4 1 2
github.com/bemeek-io/go-traeger/models.go:113.2,113.15 1 3
github.com/bemeek-io/go-traeger/mqtt.go:18.57,20.16 2 1
github.com/bemeek-io/go-traeger/mqtt.go:20.16,22.3 1 0
github.com/bemeek-io/go-traeger/mqtt.go:23.2,27.16 4 1
github.com/bemeek-io/go-traeger/mqtt.go:27.16,29.3 1 0
github.com/bemeek-io/go-traeger/mqtt.go:31.2,44.38 11 1
github.com/bemeek-io/go-traeger/mqtt.go:44.38,46.3 1 1
github.com/bemeek-io/go-traeger/mqtt.go:48.2,48.12 1 0
github.com/bemeek-io/go-traeger/mqtt.go:54.34,64.6 6 3
github.com/bemeek-io/go-traeger/mqtt.go:64.6,65.10 1 3
github.com/bemeek-io/go-traeger/mqtt.go:66.15,67.10 1 3
github.com/bemeek-io/go-traeger/mqtt.go:68.19,74.26 5 0
github.com/bemeek-io/go-traeger/mqtt.go:74.26,75.13 1 0
github.com/bemeek-io/go-traeger/mqtt.go:77.4,78.44 2 0
github.com/bemeek-io/go-traeger/mqtt.go:78.44,80.5 1 0
github.com/bemeek-io/go-traeger/mqtt.go:88.40,92.16 3 2
github.com/bemeek-io/go-traeger/mqtt.go:92.16,94.3 1 1
github.com/bemeek-io/go-traeger/mqtt.go:96.2,97.16 2 1
github.com/bemeek-io/go-traeger/mqtt.go:97.16,99.3 1 0
github.com/bemeek-io/go-traeger/mqtt.go:101.2,105.55 3 1
github.com/bemeek-io/go-traeger/mqtt.go:105.55,107.3 1 0
github.com/bemeek-io/go-traeger/mqtt.go:108.2,123.38 13 1
github.com/bemeek-io/go-traeger/mqtt.go:123.38,125.3 1 1
github.com/bemeek-io/go-traeger/mqtt.go:127.2,132.12 5 0
github.com/bemeek-io/go-traeger/mqtt.go:136.44,137.56 1 2
github.com/bemeek-io/go-traeger/mqtt.go:137.56,139.3 1 2
github.com/bemeek-io/go-traeger/mqtt.go:141.2,145.31 4 0
github.com/bemeek-io/go-traeger/mqtt.go:145.31,150.39 5 0
github.com/bemeek-io/go-traeger/mqtt.go:150.39,152.4 1 0
github.com/bemeek-io/go-traeger/mqtt.go:155.2,155.12 1 0
github.com/bemeek-io/go-traeger/mqtt.go:160.65,162.48 2 11
github.com/bemeek-io/go-traeger/mqtt.go:162.48,164.3 1 1
github.com/bemeek-io/go-traeger/mqtt.go:165.2,170.64 4 10
github.com/bemeek-io/go-traeger/mqtt.go:170.64,173.3 2 2
github.com/bemeek-io/go-traeger/mqtt.go:175.2,178.64 3 8
github.com/bemeek-io/go-traeger/mqtt.go:178.64,181.3 2 1
github.com/bemeek-io/go-traeger/mqtt.go:183.2,191.29 7 7
github.com/bemeek-io/go-traeger/mqtt.go:191.29,193.3 1 6
github.com/bemeek-io/go-traeger/mqtt.go:198.47,200.46 2 1
github.com/bemeek-io/go-traeger/mqtt.go:200.46,202.3 1 1
